{"C:\\Users\\User\\code\\restaurants\\module.js": {"path":"C:\\Users\\User\\code\\restaurants\\module.js","statementMap":{"0":{"start":{"line":5,"column":8},"end":{"line":5,"column":56}},"1":{"start":{"line":5,"column":18},"end":{"line":5,"column":56}},"2":{"start":{"line":6,"column":8},"end":{"line":6,"column":24}},"3":{"start":{"line":7,"column":8},"end":{"line":7,"column":26}},"4":{"start":{"line":13,"column":8},"end":{"line":13,"column":56}},"5":{"start":{"line":13,"column":18},"end":{"line":13,"column":56}},"6":{"start":{"line":14,"column":8},"end":{"line":14,"column":24}},"7":{"start":{"line":15,"column":8},"end":{"line":15,"column":24}},"8":{"start":{"line":16,"column":8},"end":{"line":16,"column":23}},"9":{"start":{"line":20,"column":8},"end":{"line":20,"column":29}},"10":{"start":{"line":26,"column":4},"end":{"line":26,"column":57}},"11":{"start":{"line":26,"column":16},"end":{"line":26,"column":57}},"12":{"start":{"line":27,"column":8},"end":{"line":27,"column":28}},"13":{"start":{"line":28,"column":8},"end":{"line":28,"column":26}},"14":{"start":{"line":33,"column":0},"end":{"line":33,"column":36}}},"fnMap":{"0":{"name":"(anonymous_0)","decl":{"start":{"line":4,"column":4},"end":{"line":4,"column":5}},"loc":{"start":{"line":4,"column":30},"end":{"line":8,"column":5}},"line":4},"1":{"name":"(anonymous_1)","decl":{"start":{"line":12,"column":4},"end":{"line":12,"column":5}},"loc":{"start":{"line":12,"column":36},"end":{"line":17,"column":5}},"line":12},"2":{"name":"(anonymous_2)","decl":{"start":{"line":19,"column":4},"end":{"line":19,"column":5}},"loc":{"start":{"line":19,"column":17},"end":{"line":21,"column":5}},"line":19},"3":{"name":"(anonymous_3)","decl":{"start":{"line":25,"column":4},"end":{"line":25,"column":5}},"loc":{"start":{"line":25,"column":32},"end":{"line":29,"column":5}},"line":25}},"branchMap":{"0":{"loc":{"start":{"line":5,"column":8},"end":{"line":5,"column":56}},"type":"if","locations":[{"start":{"line":5,"column":8},"end":{"line":5,"column":56}},{"start":{"line":5,"column":8},"end":{"line":5,"column":56}}],"line":5},"1":{"loc":{"start":{"line":13,"column":8},"end":{"line":13,"column":56}},"type":"if","locations":[{"start":{"line":13,"column":8},"end":{"line":13,"column":56}},{"start":{"line":13,"column":8},"end":{"line":13,"column":56}}],"line":13},"2":{"loc":{"start":{"line":26,"column":4},"end":{"line":26,"column":57}},"type":"if","locations":[{"start":{"line":26,"column":4},"end":{"line":26,"column":57}},{"start":{"line":26,"column":4},"end":{"line":26,"column":57}}],"line":26}},"s":{"0":4,"1":1,"2":3,"3":3,"4":4,"5":1,"6":3,"7":3,"8":3,"9":1,"10":3,"11":1,"12":2,"13":2,"14":1},"f":{"0":4,"1":4,"2":1,"3":3},"b":{"0":[1,3],"1":[1,3],"2":[1,2]},"_coverageSchema":"1a1c01bbd47fc00a2c39e90264f33305004495a9","hash":"a9fdce5c10a7008309eb285cc02d479054e6fd12"}
}
